<?xml version='1.0'?>
<ns2:test-suite xmlns:ns2='urn:model.allure.qatools.yandex.ru' start='1637259941514' stop='1637259943796'>
    <name>Verify the Volvo Home Page Test2</name>
    <title>Verify the Volvo Home Page Test2</title>
    <test-cases>
        <test-case start='1637259941515' status='broken' stop='1637259943795'>
            <name>Verify the menu items for Volvo Home Page</name>
            <title>Verify the menu items for Volvo Home Page</title>
            <labels>
                <label name='language' value='javascript'/>
                <label name='framework' value='wdio'/>
                <label name='thread' value='0-1'/>
            </labels>
            <parameters>
                <parameter kind='argument' name='browser' value='chrome-96.0.4664.45'/>
            </parameters>
            <steps/>
            <attachments/>
            <failure>
                <message>Failed to click element not interactable: element not interactable
                  (Session info: headless chrome=96.0.4664.45)</message>
                <stack-trace>AssertionError: Failed to click element not interactable: element not interactable
                  (Session info: headless chrome=96.0.4664.45)
                    at SafeActions.smartClick (/Users/prabhu/Downloads/TestProject-3/Utilities/SafeActions.js:20:16)
                    at processTicksAndRejections (node:internal/process/task_queues:96:5)
                    at async HomePage.navigateToCarConfigurator (/Users/prabhu/Downloads/TestProject-3/pages/HomePage.js:11:9)
                    at async Context.&lt;anonymous> (/Users/prabhu/Downloads/TestProject-3/specs/Test_002.js:8:5)</stack-trace>
            </failure>
        </test-case>
    </test-cases>
</ns2:test-suite>