<?xml version='1.0'?>
<ns2:test-suite xmlns:ns2='urn:model.allure.qatools.yandex.ru' start='1637271907669' stop='1637271908564'>
    <name>Verify the Volvo Home Page Test1</name>
    <title>Verify the Volvo Home Page Test1</title>
    <test-cases>
        <test-case start='1637271907669' status='broken' stop='1637271908564'>
            <name>to click learn more button in Volvo Home Page</name>
            <title>to click learn more button in Volvo Home Page</title>
            <labels>
                <label name='language' value='javascript'/>
                <label name='framework' value='wdio'/>
                <label name='thread' value='0-0'/>
            </labels>
            <parameters>
                <parameter kind='argument' name='browser' value='chrome-96.0.4664.55'/>
            </parameters>
            <steps/>
            <attachments/>
            <failure>
                <message>Failed to click element not interactable: element not interactable
                  (Session info: chrome=96.0.4664.55)</message>
                <stack-trace>AssertionError: Failed to click element not interactable: element not interactable
                  (Session info: chrome=96.0.4664.55)
                    at SafeActions.smartClick (/Users/prabhu/Downloads/TestProject-3/Utilities/SafeActions.js:20:16)
                    at processTicksAndRejections (node:internal/process/task_queues:96:5)
                    at async HomePage.open (/Users/prabhu/Downloads/TestProject-3/pages/HomePage.js:8:9)
                    at async Context.&lt;anonymous> (/Users/prabhu/Downloads/TestProject-3/specs/Test_001.js:16:9)</stack-trace>
            </failure>
        </test-case>
    </test-cases>
</ns2:test-suite>